<?xml version="1.0" encoding="UTF-8"?>
<!-- Generated by org.testng.reporters.JUnitReportReporter -->
<testsuite hostname="DESKTOP-GA3FTFK" failures="0" tests="1" name="dbconfig.DBConfiguration" time="0.615" errors="0" timestamp="2023-06-16T09:45:24 IST" skipped="0">
  <testcase classname="dbconfig.DBConfiguration" name="getDataFromDB" time="0.615"/>
</testsuite> <!-- dbconfig.DBConfiguration -->
