<?xml version="1.0" encoding="UTF-8"?>
<!-- Generated by org.testng.reporters.JUnitReportReporter -->
<testsuite hostname="DESKTOP-GA3FTFK" failures="0" tests="1" name="sampleproj.sampleproj.ReadDataFromDB" time="1.213" errors="0" timestamp="2023-06-16T09:11:03 IST" skipped="0">
  <testcase classname="sampleproj.sampleproj.ReadDataFromDB" name="readDataFromDB" time="1.213"/>
</testsuite> <!-- sampleproj.sampleproj.ReadDataFromDB -->
